<?xml version="1.0" encoding="UTF-8"?>
<!-- Generated by org.testng.reporters.JUnitReportReporter -->
<testsuite hostname="LAPTOP-QHHKS342" failures="0" tests="1" name="testCases.TC002_LoginTest" time="2.023" errors="0" timestamp="2025-01-02T14:51:49 IST" skipped="0">
  <testcase classname="testCases.TC002_LoginTest" name="verify_login" time="2.023"/>
  <system-out/>
</testsuite> <!-- testCases.TC002_LoginTest -->
