<?xml version="1.0" encoding="UTF-8"?>
<!-- Generated by org.testng.reporters.JUnitReportReporter -->
<testsuite hostname="LAPTOP-QHHKS342" failures="0" tests="1" name="testCases.Tc001_AccountRegistrationTest" time="2.912" errors="0" timestamp="2025-01-03T12:14:15 IST" skipped="0">
  <testcase classname="testCases.Tc001_AccountRegistrationTest" name="verify_account_registration" time="2.912"/>
</testsuite> <!-- testCases.Tc001_AccountRegistrationTest -->
